<?xml version="1.0" encoding="UTF-8"?>
<!-- Generated by org.testng.reporters.JUnitXMLReporter -->
<testsuite ignored="1" hostname="Lisa-PC" failures="0" tests="1" name="Test1(failed)" time="18.15" errors="0" timestamp="2023-09-12T11:50:17 IST">
  <testcase classname="com.CRM.VTiger.CreateContactTest.CreateContactTest" name="verifyUserCreateContactTest" time="7.195"/>
  <testcase classname="com.CRM.VTiger.CreateContactTest.CreateContactTest" name="create" time="0.0">
    <ignored/>
  </testcase> <!-- create -->
</testsuite> <!-- Test1(failed) -->
