<?xml version="1.0" encoding="UTF-8"?>
<!-- Generated by org.testng.reporters.JUnitXMLReporter -->
<testsuite ignored="2" hostname="Lisa-PC" failures="0" tests="3" name="Test" time="74.245" errors="0" timestamp="2023-09-23T11:54:26 IST">
  <testcase classname="com.CRM.VTiger.CreateContactTest.CreateContactTest" name="create" time="0.014"/>
  <testcase classname="com.CRM.VTiger.CreateContactTest.CreateContactTest" name="verifyUserCreateContactTest" time="24.567"/>
  <testcase classname="com.CRM.VTiger.OrganizationTest.CreateOrganaizationTest" name="VerifyCreateOrganisationTest" time="9.399"/>
  <testcase classname="com.CRM.VTiger.GenericUtilities.BaseClass" name="@AfterSuite aftersuiteConfig" time="0.0">
    <ignored/>
  </testcase> <!-- @AfterSuite aftersuiteConfig -->
  <testcase classname="com.CRM.VTiger.GenericUtilities.BaseClass" name="@BeforeSuite beforesuiteconfig" time="0.0">
    <ignored/>
  </testcase> <!-- @BeforeSuite beforesuiteconfig -->
</testsuite> <!-- Test -->
